<?xml version="1.0" encoding="UTF-8"?>
<testsuite name="pl.cschool.week1.HistogramTest" tests="1" skipped="0" failures="0" errors="0" timestamp="2018-05-30T03:36:31" hostname="BRS" time="0.001">
  <properties/>
  <testcase name="makeDistributionTest" classname="pl.cschool.week1.HistogramTest" time="0.001"/>
  <system-out><![CDATA[]]></system-out>
  <system-err><![CDATA[]]></system-err>
</testsuite>
